<?xml version="1.0" encoding="UTF-8" ?>
<testsuite tests="56" failures="0" name="services.TestTableService" time="0.135" errors="0" skipped="0">
  <properties>
    <property name="java.runtime.name" value="Java(TM) SE Runtime Environment"/>
    <property name="sun.boot.library.path" value="/usr/java/jdk1.8.0_171/jre/lib/amd64"/>
    <property name="java.vm.version" value="25.171-b11"/>
    <property name="java.vm.vendor" value="Oracle Corporation"/>
    <property name="maven.multiModuleProjectDirectory" value="/home/jmenguito/Desktop/James/Exer 7/Test - Exer 2"/>
    <property name="java.vendor.url" value="http://java.oracle.com/"/>
    <property name="path.separator" value=":"/>
    <property name="guice.disable.misplaced.annotation.check" value="true"/>
    <property name="java.vm.name" value="Java HotSpot(TM) 64-Bit Server VM"/>
    <property name="file.encoding.pkg" value="sun.io"/>
    <property name="user.country" value="PH"/>
    <property name="sun.java.launcher" value="SUN_STANDARD"/>
    <property name="sun.os.patch.level" value="unknown"/>
    <property name="java.vm.specification.name" value="Java Virtual Machine Specification"/>
    <property name="user.dir" value="/home/jmenguito/Desktop/James/Exer 7/Test - Exer 2"/>
    <property name="java.runtime.version" value="1.8.0_171-b11"/>
    <property name="java.awt.graphicsenv" value="sun.awt.X11GraphicsEnvironment"/>
    <property name="java.endorsed.dirs" value="/usr/java/jdk1.8.0_171/jre/lib/endorsed"/>
    <property name="os.arch" value="amd64"/>
    <property name="java.io.tmpdir" value="/tmp"/>
    <property name="line.separator" value="
"/>
    <property name="java.vm.specification.vendor" value="Oracle Corporation"/>
    <property name="os.name" value="Linux"/>
    <property name="classworlds.conf" value="/home/jmenguito/.sdkman/candidates/maven/current/bin/m2.conf"/>
    <property name="sun.jnu.encoding" value="UTF-8"/>
    <property name="java.library.path" value="/usr/java/packages/lib/amd64:/usr/lib64:/lib64:/lib:/usr/lib"/>
    <property name="maven.conf" value="/home/jmenguito/.sdkman/candidates/maven/current/conf"/>
    <property name="java.specification.name" value="Java Platform API Specification"/>
    <property name="java.class.version" value="52.0"/>
    <property name="sun.management.compiler" value="HotSpot 64-Bit Tiered Compilers"/>
    <property name="os.version" value="4.4.0-21-generic"/>
    <property name="library.jansi.path" value="/home/jmenguito/.sdkman/candidates/maven/current/lib/jansi-native"/>
    <property name="user.home" value="/home/jmenguito"/>
    <property name="user.timezone" value="Asia/Manila"/>
    <property name="java.awt.printerjob" value="sun.print.PSPrinterJob"/>
    <property name="java.specification.version" value="1.8"/>
    <property name="file.encoding" value="UTF-8"/>
    <property name="user.name" value="jmenguito"/>
    <property name="java.class.path" value="/home/jmenguito/.sdkman/candidates/maven/current/boot/plexus-classworlds-2.5.2.jar"/>
    <property name="java.vm.specification.version" value="1.8"/>
    <property name="sun.arch.data.model" value="64"/>
    <property name="java.home" value="/usr/java/jdk1.8.0_171/jre"/>
    <property name="sun.java.command" value="org.codehaus.plexus.classworlds.launcher.Launcher clean install"/>
    <property name="java.specification.vendor" value="Oracle Corporation"/>
    <property name="user.language" value="en"/>
    <property name="awt.toolkit" value="sun.awt.X11.XToolkit"/>
    <property name="java.vm.info" value="mixed mode"/>
    <property name="java.version" value="1.8.0_171"/>
    <property name="java.ext.dirs" value="/usr/java/jdk1.8.0_171/jre/lib/ext:/usr/java/packages/lib/ext"/>
    <property name="securerandom.source" value="file:/dev/./urandom"/>
    <property name="sun.boot.class.path" value="/usr/java/jdk1.8.0_171/jre/lib/resources.jar:/usr/java/jdk1.8.0_171/jre/lib/rt.jar:/usr/java/jdk1.8.0_171/jre/lib/sunrsasign.jar:/usr/java/jdk1.8.0_171/jre/lib/jsse.jar:/usr/java/jdk1.8.0_171/jre/lib/jce.jar:/usr/java/jdk1.8.0_171/jre/lib/charsets.jar:/usr/java/jdk1.8.0_171/jre/lib/jfr.jar:/usr/java/jdk1.8.0_171/jre/classes"/>
    <property name="java.vendor" value="Oracle Corporation"/>
    <property name="maven.home" value="/home/jmenguito/.sdkman/candidates/maven/current"/>
    <property name="file.separator" value="/"/>
    <property name="java.vendor.url.bug" value="http://bugreport.sun.com/bugreport/"/>
    <property name="sun.cpu.endian" value="little"/>
    <property name="sun.io.unicode.encoding" value="UnicodeLittle"/>
    <property name="sun.desktop" value="gnome"/>
    <property name="sun.cpu.isalist" value=""/>
  </properties>
  <testcase classname="services.TestTableService" name="testEditIndexOutOfBounds1" time="0.009"/>
  <testcase classname="services.TestTableService" name="testEditIndexOutOfBounds2" time="0"/>
  <testcase classname="services.TestTableService" name="testEditIndexOutOfBounds3" time="0.001"/>
  <testcase classname="services.TestTableService" name="testEditIndexOutOfBounds4" time="0.002"/>
  <testcase classname="services.TestTableService" name="testEditIndexOutOfBounds5" time="0.002"/>
  <testcase classname="services.TestTableService" name="testEditIndexOutOfBounds6" time="0.001"/>
  <testcase classname="services.TestTableService" name="testEditIndexOutOfBounds7" time="0.001"/>
  <testcase classname="services.TestTableService" name="testEditIndexOutOfBounds8" time="0.001"/>
  <testcase classname="services.TestTableService" name="testServiceConstructor" time="0.001"/>
  <testcase classname="services.TestTableService" name="testEditIncorrectInput10" time="0.041"/>
  <testcase classname="services.TestTableService" name="testEditIncorrectInput11" time="0"/>
  <testcase classname="services.TestTableService" name="testEditIncorrectInput12" time="0.002"/>
  <testcase classname="services.TestTableService" name="testEditIncorrectInput13" time="0.002"/>
  <testcase classname="services.TestTableService" name="testEditIncorrectInput14" time="0.003"/>
  <testcase classname="services.TestTableService" name="testEditIncorrectInput15" time="0"/>
  <testcase classname="services.TestTableService" name="testEditCorrectInput1" time="0.003"/>
  <testcase classname="services.TestTableService" name="testEditCorrectInput2" time="0.002"/>
  <testcase classname="services.TestTableService" name="testEditCorrectInput3" time="0.001"/>
  <testcase classname="services.TestTableService" name="testEditCorrectInput4" time="0"/>
  <testcase classname="services.TestTableService" name="testEditCorrectInput5" time="0.001"/>
  <testcase classname="services.TestTableService" name="testEditCorrectInput6" time="0.001"/>
  <testcase classname="services.TestTableService" name="testEditCorrectInput7" time="0.001"/>
  <testcase classname="services.TestTableService" name="testEditCorrectInput8" time="0.001"/>
  <testcase classname="services.TestTableService" name="testEditCorrectInput9" time="0.008"/>
  <testcase classname="services.TestTableService" name="testAddRow1" time="0.001"/>
  <testcase classname="services.TestTableService" name="testAddRow2" time="0"/>
  <testcase classname="services.TestTableService" name="testAddRow3" time="0.001"/>
  <testcase classname="services.TestTableService" name="testAddRow4" time="0.001"/>
  <testcase classname="services.TestTableService" name="testEditCorrectInput10" time="0"/>
  <testcase classname="services.TestTableService" name="testEditCorrectInput11" time="0.001"/>
  <testcase classname="services.TestTableService" name="testEditCorrectInput12" time="0.001"/>
  <testcase classname="services.TestTableService" name="testEditCorrectInput13" time="0.003"/>
  <testcase classname="services.TestTableService" name="testEditCorrectInput14" time="0.001"/>
  <testcase classname="services.TestTableService" name="testEditCorrectInput15" time="0.001"/>
  <testcase classname="services.TestTableService" name="testSearchIncorrectInput1" time="0.001"/>
  <testcase classname="services.TestTableService" name="testSearchIncorrectInput2" time="0.001"/>
  <testcase classname="services.TestTableService" name="testSearchIncorrectInput3" time="0.003"/>
  <testcase classname="services.TestTableService" name="testSearchIncorrectInput4" time="0.001"/>
  <testcase classname="services.TestTableService" name="testSearchIncorrectInput5" time="0"/>
  <testcase classname="services.TestTableService" name="testSearchCorrectInput1" time="0.003"/>
  <testcase classname="services.TestTableService" name="testSearchCorrectInput2" time="0.001"/>
  <testcase classname="services.TestTableService" name="testSearchCorrectInput3" time="0.001"/>
  <testcase classname="services.TestTableService" name="testSearchCorrectInput4" time="0.004"/>
  <testcase classname="services.TestTableService" name="testTableConstructor" time="0.001"/>
  <testcase classname="services.TestTableService" name="testEditIncorrectInput1" time="0.001"/>
  <testcase classname="services.TestTableService" name="testEditIncorrectInput2" time="0.001"/>
  <testcase classname="services.TestTableService" name="testEditIncorrectInput3" time="0.004"/>
  <testcase classname="services.TestTableService" name="testEditIncorrectInput4" time="0.001"/>
  <testcase classname="services.TestTableService" name="testEditIncorrectInput5" time="0.001"/>
  <testcase classname="services.TestTableService" name="testEditIncorrectInput6" time="0.001"/>
  <testcase classname="services.TestTableService" name="testEditIncorrectInput7" time="0.001"/>
  <testcase classname="services.TestTableService" name="testEditIncorrectInput8" time="0.001"/>
  <testcase classname="services.TestTableService" name="testEditIncorrectInput9" time="0.001"/>
  <testcase classname="services.TestTableService" name="testReset1" time="0.011"/>
  <testcase classname="services.TestTableService" name="testReset2" time="0.002"/>
  <testcase classname="services.TestTableService" name="testReset3" time="0"/>
</testsuite>